/usr/local/lib/python2.  Downloading flake8-3.5.0-py2.py3-none-any.whl (69kB)
Collecting mccabe<0.7.0,>=0.6.0 (from flake8~=3.2)
  Downloading mccabe-0.6.1-py2.py3-none-any.whl
Collecting enum34; python_version < "3.4" (from flake8~=3.2)
  Downloading enum34-1.1.6-py2-none-any.whl
Collecting configparser; python_version < "3.2" (from flake8~=3.2)
  Downloading configparser-3.5.0.tar.gz
Collecting pycodestyle<2.4.0,>=2.0.0 (from flake8~=3.2)
  Downloading pycodestyle-2.3.1-py2.py3-none-any.whl (45kB)
Collecting pyflakes<1.7.0,>=1.5.0 (from flake8~=3.2)
  Downloading pyflakes-1.6.0-py2.py3-none-any.whl (227kB)
Building wheels for collected packages: configparser
  Running setup.py bdist_wheel for configparser: started
  Running setup.py bdist_wheel for configparser: finished with status 'done'
  Stored in directory: /home/jovan/.cache/pip/wheels/1c/bd/b4/277af3f6c40645661b4cd1c21df26aca0f2e1e9714a1d4cda8
Successfully built configparser
Installing collected packages: Exception:
Traceback (most recent call last):
  File "/usr/local/lib/python2.7/dist-packages/pip/basecommand.py", line 215, in main
    status = self.run(options, args)
  File "/usr/local/lib/python2.7/dist-packages/pip/commands/install.py", line 342, in run
    prefix=options.prefix_path,
  File "/usr/local/lib/python2.7/dist-packages/pip/req/req_set.py", line 784, in install
    **kwargs
  File "/usr/local/lib/python2.7/dist-packages/pip/req/req_install.py", line 851, in install
    self.move_wheel_files(self.source_dir, root=root, prefix=prefix)
  File "/usr/local/lib/python2.7/dist-packages/pip/req/req_install.py", line 1064, in move_wheel_files
    isolated=self.isolated,
  File "/usr/local/lib/python2.7/dist-packages/pip/wheel.py", line 345, in move_wheel_files
    clobber(source, lib_dir, True)
  File "/usr/local/lib/python2.7/dist-packages/pip/wheel.py", line 323, in clobber
    shutil.copyfile(srcfile, destfile)
  File "/usr/lib/python2.7/shutil.py", line 83, in copyfile
    with open(dst, 'wb') as fdst:
IOError: [Errno 13] Permission denied: '/usr/local/lib/python2.7/dist-packages/mccabe.py'
